<?xml version="1.0" encoding="UTF-8"?>
<!-- Generated by org.testng.reporters.JUnitReportReporter -->
<testsuite hostname="DESKTOP-HVUVTGH" failures="0" tests="1" name="carrera.navBarDisplayed" time="12.002" errors="0" timestamp="2020-07-09T09:05:42 CEST" skipped="0">
  <testcase classname="carrera.navBarDisplayed" name="navBarDisplayed" time="12.002"/>
  <system-out/>
</testsuite> <!-- carrera.navBarDisplayed -->
